<?xml version="1.0" encoding="UTF-8"?>
<testng-results skipped="0" failed="0" ignored="0" total="1" passed="1">
  <reporter-output>
  </reporter-output>
  <suite name="Default suite" duration-ms="131771" started-at="2020-01-04T05:02:49Z" finished-at="2020-01-04T05:05:00Z">
    <groups>
    </groups>
    <test name="Default test" duration-ms="131771" started-at="2020-01-04T05:02:49Z" finished-at="2020-01-04T05:05:00Z">
      <class name="ebay.automation_ebay">
        <test-method status="PASS" signature="ebay_test()[pri:0, instance:ebay.automation_ebay@6093dd95]" name="ebay_test" duration-ms="131680" started-at="2020-01-04T05:02:49Z" finished-at="2020-01-04T05:05:00Z">
          <reporter-output>
          </reporter-output>
        </test-method> <!-- ebay_test -->
      </class> <!-- ebay.automation_ebay -->
    </test> <!-- Default test -->
  </suite> <!-- Default suite -->
</testng-results>
